\BOOKMARK [1][-]{section.3}{-Algebras}{}% 1
\BOOKMARK [1][-]{section.4}{Measures}{}% 2
\BOOKMARK [1][-]{section.5}{Uniqueness of Measures}{}% 3
\BOOKMARK [1][-]{section.6}{Existence of Measures}{}% 4
\BOOKMARK [1][-]{section.7}{Measurable Mappings}{}% 5
\BOOKMARK [1][-]{section.8}{Measurable Functions}{}% 6
\BOOKMARK [1][-]{section.9}{Integration of measurable functions}{}% 7
\BOOKMARK [1][-]{section.10}{Integrals of Measurable Functions}{}% 8
\BOOKMARK [1][-]{section.11}{Null sets and the Almost Everywhere \(lecture 08, 05. Feb.\)}{}% 9
\BOOKMARK [1][-]{section.12}{Convergence Theorems and Their Applications \(lecture 9, 8. Feb.\)}{}% 10
\BOOKMARK [1][-]{section.13}{The Function Spaces Lp \(lecture 11, 15. Feb.\)}{}% 11
\BOOKMARK [1][-]{section.14}{Product measures}{}% 12
\BOOKMARK [1][-]{section.15}{Integrals with respect to image measures}{}% 13
\BOOKMARK [1][-]{section.17}{Dense subspaces of Lp}{}% 14
\BOOKMARK [1][-]{section.19}{Fourier transform}{}% 15
\BOOKMARK [1][-]{section.20}{Radon-Nikodym theorem}{}% 16
\BOOKMARK [1][-]{section.21}{Duals of Lp-spaces}{}% 17
\BOOKMARK [1][-]{section.26}{Hilbert spaces}{}% 18
\BOOKMARK [1][-]{appendix.H}{Regularity of measures \(lecture 10, 12. Feb.\)}{}% 19
\BOOKMARK [1][-]{appendix.I}{Hahn-Banach theorem}{}% 20
\BOOKMARK [1][-]{appendix.J}{Complex and signed measures}{}% 21
\BOOKMARK [1][-]{appendix.K}{Kolmogorov extension theorem}{}% 22
\BOOKMARK [1][-]{appendix.L}{Random variables and stochastic processes}{}% 23
